2019/02/17 20:30:47 []
2019/02/17 20:30:47 Starting proxy server on 127.0.0.1:7844
littleboss: status requested
littleboss: status requested
littleboss: status requested
littleboss: status requested
littleboss: status requested
littleboss: status requested
littleboss: status requested
littleboss: status requested
littleboss: status requested
littleboss: signal received: terminated
littleboss: lameduck mode, exiting in 2s
littleboss: timeout, forcing process exit
littleboss: exit code -1
2019/02/17 20:36:54 []
2019/02/17 20:36:54 Starting proxy server on 127.0.0.1:7844
littleboss: status requested
littleboss: status requested
littleboss: status requested
littleboss: status requested
littleboss: signal received: terminated
littleboss: exit code -1
